<?xml version="1.0" encoding="UTF-8"?>
<testsuite xmlns:xsi="http://www.w3.org/2001/XMLSchema-instance" xsi:schemaLocation="https://maven.apache.org/surefire/maven-surefire-plugin/xsd/surefire-test-report.xsd" name="TestSuite" time="22.901" tests="3" errors="0" skipped="2" failures="1">
  <properties>
[...]
</properties>
  <testcase name="appLogin" classname="com.tag4qa.tests.TestCartCheckout" time="19.434">
    <failure type="java.lang.NullPointerException">java.lang.NullPointerException
</failure>
    <system-out><![CDATA[...
... TestNG 6.9.10 by Cédric Beust (cedric@beust.com)
...

]]></system-out>
    <system-err><![CDATA[log4j:WARN No appenders could be found for logger (com.tag4qa.util.BuildTriggerer).
log4j:WARN Please initialize the log4j system properly.
log4j:WARN See http://logging.apache.org/log4j/1.2/faq.html#noconfig for more info.
]]></system-err>
  </testcase>
  <testcase name="test_Home_Page_Appear_Correct" classname="com.tag4qa.tests.TestCartCheckout" time="0">
    <skipped/>
  </testcase>
  <testcase name="appLogout" classname="com.tag4qa.tests.TestCartCheckout" time="0">
    <skipped/>
    <system-out><![CDATA[Test result:SKIP
]]></system-out>
    <system-err><![CDATA[Jul 13, 2016 12:04:03 PM org.openqa.selenium.remote.Augmenter extractRemoteWebDriver
WARNING: Augmenter should be applied to the instances of @Augmentable classes or previously augmented instances only
]]></system-err>
  </testcase>
</testsuite>